<?xml version="1.0" encoding="UTF-8"?>
<!-- Generated by org.testng.reporters.JUnitXMLReporter -->
<testsuite hostname="WKMZTABF0619.global.publicisgroupe.net" ignored="1" name="Car Loan" tests="2" failures="0" timestamp="2022-04-04T15:25:15 CST" time="0.003" errors="0">
  <testcase name="APILoginCarLoan" time="0.0" classname="section18.TestNGT3"/>
  <testcase name="webLoginCarLoan" time="0.0" classname="section18.TestNGT3"/>
  <testcase name="mobileLoginCarLoan" time="0.0" classname="section18.TestNGT3">
    <ignored/>
  </testcase> <!-- mobileLoginCarLoan -->
</testsuite> <!-- Car Loan -->
