<?xml version="1.0" encoding="UTF-8"?>
<!-- Generated by org.testng.reporters.JUnitXMLReporter -->
<testsuite hostname="WKMZTABF0619.global.publicisgroupe.net" ignored="1" name="Personal Loan" tests="3" failures="0" timestamp="2022-04-04T15:25:15 CST" time="0.116" errors="0">
  <testcase name="demo" time="0.01" classname="section18.TestNGT"/>
  <testcase name="demo3" time="0.001" classname="section18.TestNGT2"/>
  <testcase name="demo4" time="0.0" classname="section18.TestNGT2"/>
  <testcase name="demo2" time="0.0" classname="section18.TestNGT">
    <ignored/>
  </testcase> <!-- demo2 -->
</testsuite> <!-- Personal Loan -->
