<?xml version="1.0" encoding="UTF-8"?>
<testsuite xmlns:xsi="http://www.w3.org/2001/XMLSchema-instance" xsi:noNamespaceSchemaLocation="https://maven.apache.org/surefire/maven-surefire-plugin/xsd/surefire-test-report.xsd" name="TestSuite" time="0.929" tests="5" errors="0" skipped="0" failures="0">
  <properties>
[...]
</properties>
  <testcase name="demo" classname="section18.TestNGT" time="0.009"/>
  <testcase name="demo3" classname="section18.TestNGT2" time="0"/>
  <testcase name="demo4" classname="section18.TestNGT2" time="0"/>
  <testcase name="APILoginCarLoan" classname="section18.TestNGT3" time="0"/>
  <testcase name="webLoginCarLoan" classname="section18.TestNGT3" time="0.001"/>
</testsuite>